<?xml version="1.0" encoding="UTF-8"?>
<testsuites tests="223" failures="0" errors="0" time="0.667217">
	<testsuite tests="1" failures="0" time="0.155000" name="github.com/arthur-debert/synthfs/cmd/synthfs" timestamp="2025-06-25T05:45:11-03:00">
		<properties>
			<property name="go.version" value="go1.24.4 darwin/arm64"></property>
		</properties>
		<testcase classname="github.com/arthur-debert/synthfs/cmd/synthfs" name="TestRootCmdSetup" time="0.000000"></testcase>
	</testsuite>
	<testsuite tests="208" failures="0" time="0.177000" name="github.com/arthur-debert/synthfs/pkg/synthfs" timestamp="2025-06-25T05:45:11-03:00">
		<properties>
			<property name="go.version" value="go1.24.4 darwin/arm64"></property>
		</properties>
		<testcase classname="github.com/arthur-debert/synthfs/pkg/synthfs" name="TestSimpleOperation_GetItem/GetItem_returns_nil_when_no_item_set" time="0.000000"></testcase>
		<testcase classname="github.com/arthur-debert/synthfs/pkg/synthfs" name="TestSimpleOperation_GetItem/GetItem_returns_set_item" time="0.000000"></testcase>
		<testcase classname="github.com/arthur-debert/synthfs/pkg/synthfs" name="TestSimpleOperation_GetItem" time="0.000000"></testcase>
		<testcase classname="github.com/arthur-debert/synthfs/pkg/synthfs" name="TestValidationError_Error/Error_without_cause" time="0.000000"></testcase>
		<testcase classname="github.com/arthur-debert/synthfs/pkg/synthfs" name="TestValidationError_Error/Error_with_cause" time="0.000000"></testcase>
		<testcase classname="github.com/arthur-debert/synthfs/pkg/synthfs" name="TestValidationError_Error" time="0.000000"></testcase>
		<testcase classname="github.com/arthur-debert/synthfs/pkg/synthfs" name="TestValidationError_Unwrap/Unwrap_returns_nil_when_no_cause" time="0.000000"></testcase>
		<testcase classname="github.com/arthur-debert/synthfs/pkg/synthfs" name="TestValidationError_Unwrap/Unwrap_returns_cause" time="0.000000"></testcase>
		<testcase classname="github.com/arthur-debert/synthfs/pkg/synthfs" name="TestValidationError_Unwrap" time="0.000000"></testcase>
		<testcase classname="github.com/arthur-debert/synthfs/pkg/synthfs" name="TestDependencyError_Error" time="0.000000"></testcase>
		<testcase classname="github.com/arthur-debert/synthfs/pkg/synthfs" name="TestConflictError_Error" time="0.000000"></testcase>
		<testcase classname="github.com/arthur-debert/synthfs/pkg/synthfs" name="TestSimpleOperation_Rollback/Rollback_create_operation" time="0.000000"></testcase>
		<testcase classname="github.com/arthur-debert/synthfs/pkg/synthfs" name="TestSimpleOperation_Rollback/Rollback_copy_operation" time="0.000000"></testcase>
		<testcase classname="github.com/arthur-debert/synthfs/pkg/synthfs" name="TestSimpleOperation_Rollback/Rollback_move_operation" time="0.000000"></testcase>
		<testcase classname="github.com/arthur-debert/synthfs/pkg/synthfs" name="TestSimpleOperation_Rollback/Rollback_delete_operation_returns_error" time="0.000000"></testcase>
		<testcase classname="github.com/arthur-debert/synthfs/pkg/synthfs" name="TestSimpleOperation_Rollback/Rollback_unknown_operation_type" time="0.000000"></testcase>
		<testcase classname="github.com/arthur-debert/synthfs/pkg/synthfs" name="TestSimpleOperation_Rollback" time="0.000000"></testcase>
		<testcase classname="github.com/arthur-debert/synthfs/pkg/synthfs" name="TestSimpleOperation_ExecuteDelete_EdgeCases/ExecuteDelete_with_filesystem_that_doesn&#39;t_support_Stat" time="0.000000"></testcase>
		<testcase classname="github.com/arthur-debert/synthfs/pkg/synthfs" name="TestSimpleOperation_ExecuteDelete_EdgeCases/ExecuteDelete_removes_directory" time="0.000000"></testcase>
		<testcase classname="github.com/arthur-debert/synthfs/pkg/synthfs" name="TestSimpleOperation_ExecuteDelete_EdgeCases/ExecuteDelete_removes_file" time="0.000000"></testcase>
		<testcase classname="github.com/arthur-debert/synthfs/pkg/synthfs" name="TestSimpleOperation_ExecuteDelete_EdgeCases" time="0.000000"></testcase>
		<testcase classname="github.com/arthur-debert/synthfs/pkg/synthfs" name="TestSimpleOperation_Validation_EdgeCases/ValidateCreateFile_with_wrong_item_type" time="0.000000"></testcase>
		<testcase classname="github.com/arthur-debert/synthfs/pkg/synthfs" name="TestSimpleOperation_Validation_EdgeCases/ValidateCreateDirectory_with_wrong_item_type" time="0.000000"></testcase>
		<testcase classname="github.com/arthur-debert/synthfs/pkg/synthfs" name="TestSimpleOperation_Validation_EdgeCases/ValidateCreateSymlink_with_empty_target" time="0.000000"></testcase>
		<testcase classname="github.com/arthur-debert/synthfs/pkg/synthfs" name="TestSimpleOperation_Validation_EdgeCases/ValidateCreateArchive_with_no_sources" time="0.000000"></testcase>
		<testcase classname="github.com/arthur-debert/synthfs/pkg/synthfs" name="TestSimpleOperation_Validation_EdgeCases" time="0.000000"></testcase>
		<testcase classname="github.com/arthur-debert/synthfs/pkg/synthfs" name="TestSimpleOperation_AddToZipArchive_EdgeCases/AddToZipArchive_with_filesystem_that_doesn&#39;t_support_Stat" time="0.000000"></testcase>
		<testcase classname="github.com/arthur-debert/synthfs/pkg/synthfs" name="TestSimpleOperation_AddToZipArchive_EdgeCases/AddToZipArchive_with_Stat_error" time="0.000000"></testcase>
		<testcase classname="github.com/arthur-debert/synthfs/pkg/synthfs" name="TestSimpleOperation_AddToZipArchive_EdgeCases/AddToZipArchive_successfully_adds_directory" time="0.000000"></testcase>
		<testcase classname="github.com/arthur-debert/synthfs/pkg/synthfs" name="TestSimpleOperation_AddToZipArchive_EdgeCases/AddToZipArchive_successfully_adds_file" time="0.000000"></testcase>
		<testcase classname="github.com/arthur-debert/synthfs/pkg/synthfs" name="TestSimpleOperation_AddToZipArchive_EdgeCases/AddToZipArchive_with_file_open_error" time="0.000000"></testcase>
		<testcase classname="github.com/arthur-debert/synthfs/pkg/synthfs" name="TestSimpleOperation_AddToZipArchive_EdgeCases" time="0.000000"></testcase>
		<testcase classname="github.com/arthur-debert/synthfs/pkg/synthfs" name="TestSimpleOperation_ValidateCopy_EdgeCases/ValidateCopy_with_empty_source_path" time="0.000000"></testcase>
		<testcase classname="github.com/arthur-debert/synthfs/pkg/synthfs" name="TestSimpleOperation_ValidateCopy_EdgeCases/ValidateCopy_with_empty_destination_path" time="0.000000"></testcase>
		<testcase classname="github.com/arthur-debert/synthfs/pkg/synthfs" name="TestSimpleOperation_ValidateCopy_EdgeCases/ValidateCopy_with_valid_paths" time="0.000000"></testcase>
		<testcase classname="github.com/arthur-debert/synthfs/pkg/synthfs" name="TestSimpleOperation_ValidateCopy_EdgeCases/ValidateCopy_now_checks_source_existence_at_validation_time" time="0.000000"></testcase>
		<testcase classname="github.com/arthur-debert/synthfs/pkg/synthfs" name="TestSimpleOperation_ValidateCopy_EdgeCases/ValidateCopy_with_empty_description_path_(general_validation)" time="0.000000"></testcase>
		<testcase classname="github.com/arthur-debert/synthfs/pkg/synthfs" name="TestSimpleOperation_ValidateCopy_EdgeCases" time="0.000000"></testcase>
		<testcase classname="github.com/arthur-debert/synthfs/pkg/synthfs" name="TestSourceExistenceValidation/Copy_validation_-_source_exists" time="0.000000"></testcase>
		<testcase classname="github.com/arthur-debert/synthfs/pkg/synthfs" name="TestSourceExistenceValidation/Copy_validation_-_source_does_not_exist" time="0.000000"></testcase>
		<testcase classname="github.com/arthur-debert/synthfs/pkg/synthfs" name="TestSourceExistenceValidation/Move_validation_-_source_exists" time="0.000000"></testcase>
		<testcase classname="github.com/arthur-debert/synthfs/pkg/synthfs" name="TestSourceExistenceValidation/Move_validation_-_source_does_not_exist" time="0.000000"></testcase>
		<testcase classname="github.com/arthur-debert/synthfs/pkg/synthfs" name="TestSourceExistenceValidation/Archive_validation_-_all_sources_exist" time="0.000000"></testcase>
		<testcase classname="github.com/arthur-debert/synthfs/pkg/synthfs" name="TestSourceExistenceValidation/Archive_validation_-_some_sources_do_not_exist" time="0.000000"></testcase>
		<testcase classname="github.com/arthur-debert/synthfs/pkg/synthfs" name="TestSourceExistenceValidation/Archive_validation_-_directory_source_exists" time="0.000000"></testcase>
		<testcase classname="github.com/arthur-debert/synthfs/pkg/synthfs" name="TestSourceExistenceValidation/Unarchive_validation_-_archive_exists" time="0.000000"></testcase>
		<testcase classname="github.com/arthur-debert/synthfs/pkg/synthfs" name="TestSourceExistenceValidation/Unarchive_validation_-_archive_does_not_exist" time="0.000000"></testcase>
		<testcase classname="github.com/arthur-debert/synthfs/pkg/synthfs" name="TestSourceExistenceValidation" time="0.000000"></testcase>
		<testcase classname="github.com/arthur-debert/synthfs/pkg/synthfs" name="TestSourceExistenceValidation_WithoutStatSupport/Copy_validation_without_Stat_support" time="0.000000"></testcase>
		<testcase classname="github.com/arthur-debert/synthfs/pkg/synthfs" name="TestSourceExistenceValidation_WithoutStatSupport" time="0.000000"></testcase>
		<testcase classname="github.com/arthur-debert/synthfs/pkg/synthfs" name="TestBatchSourceExistenceValidation/Batch_Copy_-_source_does_not_exist" time="0.000000"></testcase>
		<testcase classname="github.com/arthur-debert/synthfs/pkg/synthfs" name="TestBatchSourceExistenceValidation/Batch_Move_-_source_does_not_exist" time="0.000000"></testcase>
		<testcase classname="github.com/arthur-debert/synthfs/pkg/synthfs" name="TestBatchSourceExistenceValidation/Batch_CreateArchive_-_source_does_not_exist" time="0.000000"></testcase>
		<testcase classname="github.com/arthur-debert/synthfs/pkg/synthfs" name="TestBatchSourceExistenceValidation/Batch_Unarchive_-_archive_does_not_exist" time="0.000000"></testcase>
		<testcase classname="github.com/arthur-debert/synthfs/pkg/synthfs" name="TestBatchSourceExistenceValidation" time="0.000000"></testcase>
		<testcase classname="github.com/arthur-debert/synthfs/pkg/synthfs" name="TestUnarchiveItem/NewUnarchive_creates_correct_item" time="0.000000"></testcase>
		<testcase classname="github.com/arthur-debert/synthfs/pkg/synthfs" name="TestUnarchiveItem/WithPatterns_sets_patterns_correctly" time="0.000000"></testcase>
		<testcase classname="github.com/arthur-debert/synthfs/pkg/synthfs" name="TestUnarchiveItem/WithOverwrite_sets_overwrite_correctly" time="0.000000"></testcase>
		<testcase classname="github.com/arthur-debert/synthfs/pkg/synthfs" name="TestUnarchiveItem" time="0.000000"></testcase>
		<testcase classname="github.com/arthur-debert/synthfs/pkg/synthfs" name="TestUnarchiveValidation/validates_archive_path" time="0.000000"></testcase>
		<testcase classname="github.com/arthur-debert/synthfs/pkg/synthfs" name="TestUnarchiveValidation/validates_extract_path" time="0.000000"></testcase>
		<testcase classname="github.com/arthur-debert/synthfs/pkg/synthfs" name="TestUnarchiveValidation/validates_archive_format" time="0.000000"></testcase>
		<testcase classname="github.com/arthur-debert/synthfs/pkg/synthfs" name="TestUnarchiveValidation/accepts_supported_formats" time="0.000000"></testcase>
		<testcase classname="github.com/arthur-debert/synthfs/pkg/synthfs" name="TestUnarchiveValidation/validates_item_type" time="0.000000"></testcase>
		<testcase classname="github.com/arthur-debert/synthfs/pkg/synthfs" name="TestUnarchiveValidation" time="0.000000"></testcase>
		<testcase classname="github.com/arthur-debert/synthfs/pkg/synthfs" name="TestUnarchivePatternMatching/no_patterns_matches_all" time="0.000000"></testcase>
		<testcase classname="github.com/arthur-debert/synthfs/pkg/synthfs" name="TestUnarchivePatternMatching/simple_wildcard_match" time="0.000000"></testcase>
		<testcase classname="github.com/arthur-debert/synthfs/pkg/synthfs" name="TestUnarchivePatternMatching/simple_wildcard_no_match" time="0.000000"></testcase>
		<testcase classname="github.com/arthur-debert/synthfs/pkg/synthfs" name="TestUnarchivePatternMatching/directory_pattern_match" time="0.000000"></testcase>
		<testcase classname="github.com/arthur-debert/synthfs/pkg/synthfs" name="TestUnarchivePatternMatching/directory_pattern_no_match" time="0.000000"></testcase>
		<testcase classname="github.com/arthur-debert/synthfs/pkg/synthfs" name="TestUnarchivePatternMatching/complex_pattern_match" time="0.000000"></testcase>
		<testcase classname="github.com/arthur-debert/synthfs/pkg/synthfs" name="TestUnarchivePatternMatching/multiple_patterns_first_match" time="0.000000"></testcase>
		<testcase classname="github.com/arthur-debert/synthfs/pkg/synthfs" name="TestUnarchivePatternMatching/multiple_patterns_second_match" time="0.000000"></testcase>
		<testcase classname="github.com/arthur-debert/synthfs/pkg/synthfs" name="TestUnarchivePatternMatching/multiple_patterns_no_match" time="0.000000"></testcase>
		<testcase classname="github.com/arthur-debert/synthfs/pkg/synthfs" name="TestUnarchivePatternMatching" time="0.000000"></testcase>
		<testcase classname="github.com/arthur-debert/synthfs/pkg/synthfs" name="TestUnarchiveIntegration/extract_tar.gz_archive" time="0.000000"></testcase>
		<testcase classname="github.com/arthur-debert/synthfs/pkg/synthfs" name="TestUnarchiveIntegration/extract_zip_archive" time="0.000000"></testcase>
		<testcase classname="github.com/arthur-debert/synthfs/pkg/synthfs" name="TestUnarchiveIntegration/extract_with_patterns" time="0.000000"></testcase>
		<testcase classname="github.com/arthur-debert/synthfs/pkg/synthfs" name="TestUnarchiveIntegration" time="0.000000"></testcase>
		<testcase classname="github.com/arthur-debert/synthfs/pkg/synthfs" name="TestBatchUnarchive/batch_unarchive_operation" time="0.000000"></testcase>
		<testcase classname="github.com/arthur-debert/synthfs/pkg/synthfs" name="TestBatchUnarchive/batch_unarchive_with_patterns" time="0.000000"></testcase>
		<testcase classname="github.com/arthur-debert/synthfs/pkg/synthfs" name="TestBatchUnarchive" time="0.000000"></testcase>
		<testcase classname="github.com/arthur-debert/synthfs/pkg/synthfs" name="TestBatchChecksumVerification/Copy_operation_succeeds_when_source_unchanged" time="0.000000"></testcase>
		<testcase classname="github.com/arthur-debert/synthfs/pkg/synthfs" name="TestBatchChecksumVerification/Copy_operation_fails_when_source_file_is_modified" time="0.000000"></testcase>
		<testcase classname="github.com/arthur-debert/synthfs/pkg/synthfs" name="TestBatchChecksumVerification/Move_operation_fails_when_source_file_modified" time="0.000000"></testcase>
		<testcase classname="github.com/arthur-debert/synthfs/pkg/synthfs" name="TestBatchChecksumVerification/Archive_operation_fails_when_source_files_modified" time="0.000000"></testcase>
		<testcase classname="github.com/arthur-debert/synthfs/pkg/synthfs" name="TestBatchChecksumVerification/Operations_without_checksums_execute_normally" time="0.000000"></testcase>
		<testcase classname="github.com/arthur-debert/synthfs/pkg/synthfs" name="TestBatchChecksumVerification/Multiple_operations_with_mixed_checksum_verification_results" time="0.000000"></testcase>
		<testcase classname="github.com/arthur-debert/synthfs/pkg/synthfs" name="TestBatchChecksumVerification/Checksum_verification_with_directories_is_skipped" time="0.000000"></testcase>
		<testcase classname="github.com/arthur-debert/synthfs/pkg/synthfs" name="TestBatchChecksumVerification" time="0.000000"></testcase>
		<testcase classname="github.com/arthur-debert/synthfs/pkg/synthfs" name="TestBatchChecksumming/Copy_operation_computes_source_checksum" time="0.000000"></testcase>
		<testcase classname="github.com/arthur-debert/synthfs/pkg/synthfs" name="TestBatchChecksumming/Move_operation_computes_source_checksum" time="0.000000"></testcase>
		<testcase classname="github.com/arthur-debert/synthfs/pkg/synthfs" name="TestBatchChecksumming/Archive_operation_computes_checksums_for_all_sources" time="0.000000"></testcase>
		<testcase classname="github.com/arthur-debert/synthfs/pkg/synthfs" name="TestBatchChecksumming/Checksum_computation_handles_directories_gracefully" time="0.000000"></testcase>
		<testcase classname="github.com/arthur-debert/synthfs/pkg/synthfs" name="TestBatchChecksumming/Different_files_produce_different_checksums" time="0.000000"></testcase>
		<testcase classname="github.com/arthur-debert/synthfs/pkg/synthfs" name="TestBatchChecksumming/Same_file_content_produces_same_checksum" time="0.000000"></testcase>
		<testcase classname="github.com/arthur-debert/synthfs/pkg/synthfs" name="TestBatchChecksumming/Checksum_computation_failure_is_handled_gracefully" time="0.000000"></testcase>
		<testcase classname="github.com/arthur-debert/synthfs/pkg/synthfs" name="TestBatchChecksumming" time="0.000000"></testcase>
		<testcase classname="github.com/arthur-debert/synthfs/pkg/synthfs" name="TestBatchCompleteAPI/CreateSymlink_operation" time="0.000000"></testcase>
		<testcase classname="github.com/arthur-debert/synthfs/pkg/synthfs" name="TestBatchCompleteAPI/CreateArchive_operations" time="0.000000"></testcase>
		<testcase classname="github.com/arthur-debert/synthfs/pkg/synthfs" name="TestBatchCompleteAPI/Complete_workflow_with_all_operations" time="0.000000"></testcase>
		<testcase classname="github.com/arthur-debert/synthfs/pkg/synthfs" name="TestBatchCompleteAPI/Operation_objects_detailed_inspection" time="0.000000"></testcase>
		<testcase classname="github.com/arthur-debert/synthfs/pkg/synthfs" name="TestBatchCompleteAPI" time="0.000000"></testcase>
		<testcase classname="github.com/arthur-debert/synthfs/pkg/synthfs" name="TestBatchDuplicatePathDetection/Detect_duplicate_file_creation" time="0.000000"></testcase>
		<testcase classname="github.com/arthur-debert/synthfs/pkg/synthfs" name="TestBatchDuplicatePathDetection/Detect_duplicate_directory_creation" time="0.000000"></testcase>
		<testcase classname="github.com/arthur-debert/synthfs/pkg/synthfs" name="TestBatchDuplicatePathDetection/Detect_duplicate_delete_operations" time="0.000000"></testcase>
		<testcase classname="github.com/arthur-debert/synthfs/pkg/synthfs" name="TestBatchDuplicatePathDetection/Detect_copy_destination_conflicts" time="0.000000"></testcase>
		<testcase classname="github.com/arthur-debert/synthfs/pkg/synthfs" name="TestBatchDuplicatePathDetection/Detect_move_destination_conflicts" time="0.000000"></testcase>
		<testcase classname="github.com/arthur-debert/synthfs/pkg/synthfs" name="TestBatchDuplicatePathDetection/Detect_symlink_creation_conflicts" time="0.000000"></testcase>
		<testcase classname="github.com/arthur-debert/synthfs/pkg/synthfs" name="TestBatchDuplicatePathDetection/Detect_archive_creation_conflicts" time="0.000000"></testcase>
		<testcase classname="github.com/arthur-debert/synthfs/pkg/synthfs" name="TestBatchDuplicatePathDetection/Allow_creating_a_file_after_its_deletion" time="0.000000"></testcase>
		<testcase classname="github.com/arthur-debert/synthfs/pkg/synthfs" name="TestBatchDuplicatePathDetection/Allow_valid,_non-conflicting_operations" time="0.000000"></testcase>
		<testcase classname="github.com/arthur-debert/synthfs/pkg/synthfs" name="TestBatchDuplicatePathDetection/Mixed_conflict_scenarios" time="0.000000"></testcase>
		<testcase classname="github.com/arthur-debert/synthfs/pkg/synthfs" name="TestBatchDuplicatePathDetection" time="0.000000"></testcase>
		<testcase classname="github.com/arthur-debert/synthfs/pkg/synthfs" name="TestBatchExecution/Execute_simple_operations" time="0.000000"></testcase>
		<testcase classname="github.com/arthur-debert/synthfs/pkg/synthfs" name="TestBatchExecution/Execute_with_auto-generated_dependencies" time="0.000000"></testcase>
		<testcase classname="github.com/arthur-debert/synthfs/pkg/synthfs" name="TestBatchExecution/Empty_batch_execution" time="0.000000"></testcase>
		<testcase classname="github.com/arthur-debert/synthfs/pkg/synthfs" name="TestBatchExecution" time="0.000000"></testcase>
		<testcase classname="github.com/arthur-debert/synthfs/pkg/synthfs" name="TestBatchRollback" time="0.000000"></testcase>
		<testcase classname="github.com/arthur-debert/synthfs/pkg/synthfs" name="TestBatchOperationCounts" time="0.000000"></testcase>
		<testcase classname="github.com/arthur-debert/synthfs/pkg/synthfs" name="TestBatchRealOperations/Real_file_and_directory_creation" time="0.000000"></testcase>
		<testcase classname="github.com/arthur-debert/synthfs/pkg/synthfs" name="TestBatchRealOperations/Real_copy_operation" time="0.000000"></testcase>
		<testcase classname="github.com/arthur-debert/synthfs/pkg/synthfs" name="TestBatchRealOperations/Real_move_operation" time="0.000000"></testcase>
		<testcase classname="github.com/arthur-debert/synthfs/pkg/synthfs" name="TestBatchRealOperations/Real_symlink_operation" time="0.000000"></testcase>
		<testcase classname="github.com/arthur-debert/synthfs/pkg/synthfs" name="TestBatchRealOperations/Real_delete_operation" time="0.000000"></testcase>
		<testcase classname="github.com/arthur-debert/synthfs/pkg/synthfs" name="TestBatchRealOperations/Rollback_functionality" time="0.000000"></testcase>
		<testcase classname="github.com/arthur-debert/synthfs/pkg/synthfs" name="TestBatchRealOperations" time="0.000000"></testcase>
		<testcase classname="github.com/arthur-debert/synthfs/pkg/synthfs" name="TestBatchValidation/Validation_errors_are_caught" time="0.000000"></testcase>
		<testcase classname="github.com/arthur-debert/synthfs/pkg/synthfs" name="TestBatchValidation/Copy_validation" time="0.000000"></testcase>
		<testcase classname="github.com/arthur-debert/synthfs/pkg/synthfs" name="TestBatchValidation/Move_validation" time="0.000000"></testcase>
		<testcase classname="github.com/arthur-debert/synthfs/pkg/synthfs" name="TestBatchValidation/Delete_validation" time="0.000000"></testcase>
		<testcase classname="github.com/arthur-debert/synthfs/pkg/synthfs" name="TestBatchValidation" time="0.000000"></testcase>
		<testcase classname="github.com/arthur-debert/synthfs/pkg/synthfs" name="TestBatchBasicUsage/CreateDir" time="0.000000"></testcase>
		<testcase classname="github.com/arthur-debert/synthfs/pkg/synthfs" name="TestBatchBasicUsage/CreateFile" time="0.000000"></testcase>
		<testcase classname="github.com/arthur-debert/synthfs/pkg/synthfs" name="TestBatchBasicUsage/Copy" time="0.000000"></testcase>
		<testcase classname="github.com/arthur-debert/synthfs/pkg/synthfs" name="TestBatchBasicUsage/Move" time="0.000000"></testcase>
		<testcase classname="github.com/arthur-debert/synthfs/pkg/synthfs" name="TestBatchBasicUsage/Delete" time="0.000000"></testcase>
		<testcase classname="github.com/arthur-debert/synthfs/pkg/synthfs" name="TestBatchBasicUsage/Operations" time="0.000000"></testcase>
		<testcase classname="github.com/arthur-debert/synthfs/pkg/synthfs" name="TestBatchBasicUsage" time="0.000000"></testcase>
		<testcase classname="github.com/arthur-debert/synthfs/pkg/synthfs" name="TestBatchWithTestFileSystem/CreateFile_with_parent_directory_auto-creation" time="0.000000"></testcase>
		<testcase classname="github.com/arthur-debert/synthfs/pkg/synthfs" name="TestBatchWithTestFileSystem" time="0.000000"></testcase>
		<testcase classname="github.com/arthur-debert/synthfs/pkg/synthfs" name="TestBatchIDGeneration" time="0.000000"></testcase>
		<testcase classname="github.com/arthur-debert/synthfs/pkg/synthfs" name="TestOSFileSystemExtended/Symlink_and_Readlink" time="0.000000"></testcase>
		<testcase classname="github.com/arthur-debert/synthfs/pkg/synthfs" name="TestOSFileSystemExtended/Rename" time="0.000000"></testcase>
		<testcase classname="github.com/arthur-debert/synthfs/pkg/synthfs" name="TestOSFileSystemExtended/Error_cases" time="0.000000"></testcase>
		<testcase classname="github.com/arthur-debert/synthfs/pkg/synthfs" name="TestOSFileSystemExtended" time="0.000000"></testcase>
		<testcase classname="github.com/arthur-debert/synthfs/pkg/synthfs" name="TestTestFileSystemExtended/Symlink_and_Readlink" time="0.000000"></testcase>
		<testcase classname="github.com/arthur-debert/synthfs/pkg/synthfs" name="TestTestFileSystemExtended/Rename" time="0.000000"></testcase>
		<testcase classname="github.com/arthur-debert/synthfs/pkg/synthfs" name="TestTestFileSystemExtended/Error_cases" time="0.000000"></testcase>
		<testcase classname="github.com/arthur-debert/synthfs/pkg/synthfs" name="TestTestFileSystemExtended" time="0.000000"></testcase>
		<testcase classname="github.com/arthur-debert/synthfs/pkg/synthfs" name="TestOSFileSystem/WriteFile_and_Open" time="0.000000"></testcase>
		<testcase classname="github.com/arthur-debert/synthfs/pkg/synthfs" name="TestOSFileSystem/MkdirAll_and_Stat" time="0.000000"></testcase>
		<testcase classname="github.com/arthur-debert/synthfs/pkg/synthfs" name="TestOSFileSystem/Remove" time="0.000000"></testcase>
		<testcase classname="github.com/arthur-debert/synthfs/pkg/synthfs" name="TestOSFileSystem/RemoveAll" time="0.000000"></testcase>
		<testcase classname="github.com/arthur-debert/synthfs/pkg/synthfs" name="TestOSFileSystem/Invalid_paths" time="0.000000"></testcase>
		<testcase classname="github.com/arthur-debert/synthfs/pkg/synthfs" name="TestOSFileSystem/ErrorConditions" time="0.000000"></testcase>
		<testcase classname="github.com/arthur-debert/synthfs/pkg/synthfs" name="TestOSFileSystem" time="0.000000"></testcase>
		<testcase classname="github.com/arthur-debert/synthfs/pkg/synthfs" name="TestReadOnlyWrapper/Open" time="0.000000"></testcase>
		<testcase classname="github.com/arthur-debert/synthfs/pkg/synthfs" name="TestReadOnlyWrapper/Stat" time="0.000000"></testcase>
		<testcase classname="github.com/arthur-debert/synthfs/pkg/synthfs" name="TestReadOnlyWrapper/Stat_directory" time="0.000000"></testcase>
		<testcase classname="github.com/arthur-debert/synthfs/pkg/synthfs" name="TestReadOnlyWrapper/Stat_non-existent" time="0.000000"></testcase>
		<testcase classname="github.com/arthur-debert/synthfs/pkg/synthfs" name="TestReadOnlyWrapper" time="0.000000"></testcase>
		<testcase classname="github.com/arthur-debert/synthfs/pkg/synthfs" name="TestReadOnlyWrapper_WithNonStatFS/Stat_fallback_to_Open" time="0.000000"></testcase>
		<testcase classname="github.com/arthur-debert/synthfs/pkg/synthfs" name="TestReadOnlyWrapper_WithNonStatFS" time="0.000000"></testcase>
		<testcase classname="github.com/arthur-debert/synthfs/pkg/synthfs" name="TestFileItem" time="0.000000"></testcase>
		<testcase classname="github.com/arthur-debert/synthfs/pkg/synthfs" name="TestDirectoryItem" time="0.000000"></testcase>
		<testcase classname="github.com/arthur-debert/synthfs/pkg/synthfs" name="TestSymlinkItem" time="0.000000"></testcase>
		<testcase classname="github.com/arthur-debert/synthfs/pkg/synthfs" name="TestArchiveItem" time="0.000000"></testcase>
		<testcase classname="github.com/arthur-debert/synthfs/pkg/synthfs" name="TestLoggingSetup" time="0.000000"></testcase>
		<testcase classname="github.com/arthur-debert/synthfs/pkg/synthfs" name="TestSetLogLevelFromString/trace" time="0.000000"></testcase>
		<testcase classname="github.com/arthur-debert/synthfs/pkg/synthfs" name="TestSetLogLevelFromString/debug" time="0.000000"></testcase>
		<testcase classname="github.com/arthur-debert/synthfs/pkg/synthfs" name="TestSetLogLevelFromString/info" time="0.000000"></testcase>
		<testcase classname="github.com/arthur-debert/synthfs/pkg/synthfs" name="TestSetLogLevelFromString/warn" time="0.000000"></testcase>
		<testcase classname="github.com/arthur-debert/synthfs/pkg/synthfs" name="TestSetLogLevelFromString/error" time="0.000000"></testcase>
		<testcase classname="github.com/arthur-debert/synthfs/pkg/synthfs" name="TestSetLogLevelFromString/invalid" time="0.000000"></testcase>
		<testcase classname="github.com/arthur-debert/synthfs/pkg/synthfs" name="TestSetLogLevelFromString" time="0.000000"></testcase>
		<testcase classname="github.com/arthur-debert/synthfs/pkg/synthfs" name="TestSetupTestLogging/verbose_0" time="0.000000"></testcase>
		<testcase classname="github.com/arthur-debert/synthfs/pkg/synthfs" name="TestSetupTestLogging/verbose_1" time="0.000000"></testcase>
		<testcase classname="github.com/arthur-debert/synthfs/pkg/synthfs" name="TestSetupTestLogging/verbose_2" time="0.000000"></testcase>
		<testcase classname="github.com/arthur-debert/synthfs/pkg/synthfs" name="TestSetupTestLogging/verbose_3" time="0.000000"></testcase>
		<testcase classname="github.com/arthur-debert/synthfs/pkg/synthfs" name="TestSetupTestLogging/verbose_4" time="0.000000"></testcase>
		<testcase classname="github.com/arthur-debert/synthfs/pkg/synthfs" name="TestSetupTestLogging" time="0.000000"></testcase>
		<testcase classname="github.com/arthur-debert/synthfs/pkg/synthfs" name="TestOperationLogging" time="0.000000"></testcase>
		<testcase classname="github.com/arthur-debert/synthfs/pkg/synthfs" name="TestValidationLogging" time="0.000000"></testcase>
		<testcase classname="github.com/arthur-debert/synthfs/pkg/synthfs" name="TestDisableLogging" time="0.000000"></testcase>
		<testcase classname="github.com/arthur-debert/synthfs/pkg/synthfs" name="TestTraceLevelLogging" time="0.000000"></testcase>
		<testcase classname="github.com/arthur-debert/synthfs/pkg/synthfs" name="TestLogOutputRedirection" time="0.000000"></testcase>
		<testcase classname="github.com/arthur-debert/synthfs/pkg/synthfs" name="TestTestFileSystem/WriteFile_and_Open" time="0.000000"></testcase>
		<testcase classname="github.com/arthur-debert/synthfs/pkg/synthfs" name="TestTestFileSystem/MkdirAll" time="0.000000"></testcase>
		<testcase classname="github.com/arthur-debert/synthfs/pkg/synthfs" name="TestTestFileSystem/Remove" time="0.000000"></testcase>
		<testcase classname="github.com/arthur-debert/synthfs/pkg/synthfs" name="TestTestFileSystem/RemoveAll" time="0.000000"></testcase>
		<testcase classname="github.com/arthur-debert/synthfs/pkg/synthfs" name="TestTestFileSystem/Invalid_paths" time="0.000000"></testcase>
		<testcase classname="github.com/arthur-debert/synthfs/pkg/synthfs" name="TestTestFileSystem" time="0.000000"></testcase>
		<testcase classname="github.com/arthur-debert/synthfs/pkg/synthfs" name="TestNewTestFileSystemFromMap/Existing_file" time="0.000000"></testcase>
		<testcase classname="github.com/arthur-debert/synthfs/pkg/synthfs" name="TestNewTestFileSystemFromMap/Existing_directory" time="0.000000"></testcase>
		<testcase classname="github.com/arthur-debert/synthfs/pkg/synthfs" name="TestNewTestFileSystemFromMap" time="0.000000"></testcase>
		<testcase classname="github.com/arthur-debert/synthfs/pkg/synthfs" name="TestTestHelper/NewTestHelper" time="0.000000"></testcase>
		<testcase classname="github.com/arthur-debert/synthfs/pkg/synthfs" name="TestTestHelper/NewTestHelperWithFiles" time="0.000000"></testcase>
		<testcase classname="github.com/arthur-debert/synthfs/pkg/synthfs" name="TestTestHelper/AssertFileExists" time="0.000000"></testcase>
		<testcase classname="github.com/arthur-debert/synthfs/pkg/synthfs" name="TestTestHelper/AssertDirExists" time="0.000000"></testcase>
		<testcase classname="github.com/arthur-debert/synthfs/pkg/synthfs" name="TestTestHelper/AssertNotExists" time="0.000000"></testcase>
		<testcase classname="github.com/arthur-debert/synthfs/pkg/synthfs" name="TestTestHelper/ExecuteAndAssert" time="0.000000"></testcase>
		<testcase classname="github.com/arthur-debert/synthfs/pkg/synthfs" name="TestTestHelper/ExecuteAndExpectError" time="0.000000"></testcase>
		<testcase classname="github.com/arthur-debert/synthfs/pkg/synthfs" name="TestTestHelper" time="0.000000"></testcase>
		<testcase classname="github.com/arthur-debert/synthfs/pkg/synthfs" name="TestValidateTestFS/Valid_filesystem" time="0.000000"></testcase>
		<testcase classname="github.com/arthur-debert/synthfs/pkg/synthfs" name="TestValidateTestFS" time="0.000000"></testcase>
		<testcase classname="github.com/arthur-debert/synthfs/pkg/synthfs" name="TestIsSubPath" time="0.000000"></testcase>
		<testcase classname="github.com/arthur-debert/synthfs/pkg/synthfs" name="TestTestFileSystem_fstest_Compliance" time="0.000000"></testcase>
	</testsuite>
	<testsuite tests="14" failures="0" time="0.316000" name="github.com/arthur-debert/synthfs/pkg/synthfs/testutil" timestamp="2025-06-25T05:45:11-03:00">
		<properties>
			<property name="go.version" value="go1.24.4 darwin/arm64"></property>
		</properties>
		<testcase classname="github.com/arthur-debert/synthfs/pkg/synthfs/testutil" name="TestMockFS_WriteFile_ReadFile" time="0.000000"></testcase>
		<testcase classname="github.com/arthur-debert/synthfs/pkg/synthfs/testutil" name="TestMockFS_WriteFile_Errors" time="0.000000"></testcase>
		<testcase classname="github.com/arthur-debert/synthfs/pkg/synthfs/testutil" name="TestMockFS_MkdirAll" time="0.000000"></testcase>
		<testcase classname="github.com/arthur-debert/synthfs/pkg/synthfs/testutil" name="TestMockFS_Stat" time="0.000000"></testcase>
		<testcase classname="github.com/arthur-debert/synthfs/pkg/synthfs/testutil" name="TestMockFS_Open_File" time="0.000000"></testcase>
		<testcase classname="github.com/arthur-debert/synthfs/pkg/synthfs/testutil" name="TestMockFS_Open_Directory_ReadDir" time="0.000000"></testcase>
		<testcase classname="github.com/arthur-debert/synthfs/pkg/synthfs/testutil" name="TestMockFS_Remove_File" time="0.000000"></testcase>
		<testcase classname="github.com/arthur-debert/synthfs/pkg/synthfs/testutil" name="TestMockFS_Remove_Directory" time="0.000000"></testcase>
		<testcase classname="github.com/arthur-debert/synthfs/pkg/synthfs/testutil" name="TestMockFS_RemoveAll" time="0.000000"></testcase>
		<testcase classname="github.com/arthur-debert/synthfs/pkg/synthfs/testutil" name="TestMockFS_CleanPaths/WriteFile_with_." time="0.000000"></testcase>
		<testcase classname="github.com/arthur-debert/synthfs/pkg/synthfs/testutil" name="TestMockFS_CleanPaths/MkdirAll_with_.." time="0.000000"></testcase>
		<testcase classname="github.com/arthur-debert/synthfs/pkg/synthfs/testutil" name="TestMockFS_CleanPaths/ReadFile_with_trailing_slash_(on_existing_file)" time="0.000000"></testcase>
		<testcase classname="github.com/arthur-debert/synthfs/pkg/synthfs/testutil" name="TestMockFS_CleanPaths" time="0.000000"></testcase>
		<testcase classname="github.com/arthur-debert/synthfs/pkg/synthfs/testutil" name="TestMockFS_GetMode" time="0.000000"></testcase>
	</testsuite>
</testsuites>